<?xml version="1.0" encoding="utf-8"?><testsuites name="pytest tests"><testsuite name="pytest" errors="0" failures="0" skipped="1" tests="11" time="3.261" timestamp="2026-09-11T10:26:56.118688+00:00" hostname="agent-env-512a9d2a-311b-4571-a313-e47caa2ad0be"><testcase classname="tests.test_fabric_removal.TestArchivedNayaraBlocked" name="test_nayara_login_blocked_403[admin@nayara.studio]" time="0.591" /><testcase classname="tests.test_fabric_removal.TestPlatformAdmin" name="test_platform_login" time="0.591" /><testcase classname="tests.test_fabric_removal.TestArchivedNayaraBlocked" name="test_nayara_login_blocked_403[nandhini@nayara.studio]" time="0.344" /><testcase classname="tests.test_fabric_removal.TestPlatformAdmin" name="test_industries_list_excludes_fabric" time="0.684"><skipped type="pytest.skip" message="No /industries listing endpoint present; frontend enforces the removal">/app/backend/tests/test_fabric_removal.py:84: No /industries listing endpoint present; frontend enforces the removal</skipped></testcase><testcase classname="tests.test_fabric_removal.TestArchivedNayaraBlocked" name="test_nayara_login_blocked_403[priya@nayara.studio]" time="0.344" /><testcase classname="tests.test_fabric_removal.TestPlatformAdmin" name="test_add_company_fabric_rejected_400" time="0.118" /><testcase classname="tests.test_fabric_removal.TestRoute39NoRegression" name="test_route39_login_and_industry_fleet" time="0.392" /><testcase classname="tests.test_fabric_removal.TestPlatformAdmin" name="test_add_company_fleet_still_allowed" time="0.248" /><testcase classname="tests.test_fabric_removal.TestDriverLoginRegression" name="test_driver_login_ok" time="0.374" /><testcase classname="tests.test_fabric_removal.TestRoute39NoRegression" name="test_route39_can_list_vehicles" time="0.694" /><testcase classname="tests.test_fabric_removal.TestRentalAdminSummary" name="test_summary_counts" time="0.578" /></testsuite></testsuites>