<?xml version="1.0" encoding="utf-8"?><testsuites name="pytest tests"><testsuite name="pytest" errors="0" failures="0" skipped="0" tests="16" time="4.319" timestamp="2026-09-11T10:44:31.164332+00:00" hostname="agent-env-512a9d2a-311b-4571-a313-e47caa2ad0be"><testcase classname="tests.test_nayara_deletion.TestDriverRegression" name="test_driver_login_ok[+919000000001]" time="0.387" /><testcase classname="tests.test_nayara_deletion.TestDriverRegression" name="test_driver_login_ok[+919000000002]" time="0.434" /><testcase classname="tests.test_nayara_deletion.TestDriverRegression" name="test_driver_login_ok[+919000000003]" time="0.339" /><testcase classname="tests.test_nayara_deletion.TestRoute39Intact" name="test_login_ok" time="0.835" /><testcase classname="tests.test_nayara_deletion.TestRoute39Intact" name="test_vehicles_count_284" time="0.376" /><testcase classname="tests.test_nayara_deletion.TestDriverRegression" name="test_driver_login_ok[+919000000004]" time="0.360" /><testcase classname="tests.test_nayara_deletion.TestRoute39Intact" name="test_dashboard_summary" time="0.334" /><testcase classname="tests.test_nayara_deletion.TestDriverRegression" name="test_driver_status_shapes" time="2.013" /><testcase classname="tests.test_nayara_deletion.TestRoute39Intact" name="test_orders_empty_for_route39" time="0.315" /><testcase classname="tests.test_nayara_deletion.TestRoute39Intact" name="test_customers_empty_for_route39" time="0.120" /><testcase classname="tests.test_nayara_deletion.TestRoute39Intact" name="test_rental_admin_summary" time="0.140" /><testcase classname="tests.test_nayara_deletion.TestPlatformAdmin" name="test_companies_only_route39" time="0.831" /><testcase classname="tests.test_nayara_deletion.TestPlatformAdmin" name="test_add_fabric_rejected" time="0.131" /><testcase classname="tests.test_nayara_deletion.TestNayaraDeleted" name="test_nayara_login_401_user_gone[admin@nayara.studio]" time="0.135" /><testcase classname="tests.test_nayara_deletion.TestNayaraDeleted" name="test_nayara_login_401_user_gone[nandhini@nayara.studio]" time="0.122" /><testcase classname="tests.test_nayara_deletion.TestNayaraDeleted" name="test_nayara_login_401_user_gone[priya@nayara.studio]" time="0.135" /></testsuite></testsuites>