<?xml version="1.0" encoding="utf-8"?><testsuites name="pytest tests"><testsuite name="pytest" errors="0" failures="3" skipped="0" tests="66" time="19.650" timestamp="2026-08-25T14:42:35.901894+00:00" hostname="agent-env-512a9d2a-311b-4571-a313-e47caa2ad0be"><testcase classname="tests.backend_test.TestPermissions" name="test_staff_cannot_create_vehicle" time="0.724" /><testcase classname="tests.test_nayara.TestIsolation" name="test_route39_sees_no_orders" time="0.781" /><testcase classname="tests.backend_test.TestPermissions" name="test_staff_cannot_create_driver_or_plan" time="0.213" /><testcase classname="tests.test_nayara.TestIsolation" name="test_route39_sees_no_nayara_customers" time="0.858" /><testcase classname="tests.backend_test.TestPermissions" name="test_service_manager_cannot_create_vehicle_but_can_service" time="0.721" /><testcase classname="tests.test_nayara.TestIsolation" name="test_nayara_sees_no_vehicles" time="0.080" /><testcase classname="tests.backend_test.TestPermissions" name="test_staff_cannot_create_vehicle_service" time="0.182" /><testcase classname="tests.test_nayara.TestIsolation" name="test_nayara_dashboard_summary_zero" time="0.110" /><testcase classname="tests.test_nayara.TestIsolation" name="test_nayara_cannot_read_route39_order_by_id" time="0.204" /><testcase classname="tests.test_nayara.TestIsolation" name="test_route39_cannot_update_nayara_order" time="0.345" /><testcase classname="tests.backend_test.TestPermissions" name="test_city_manager_scoped_to_chennai" time="0.985" /><testcase classname="tests.test_nayara.TestIsolation" name="test_nayara_cannot_read_route39_vehicle" time="0.188" /><testcase classname="tests.test_nayara.TestIsolation" name="test_nayara_search_scoped" time="0.099" /><testcase classname="tests.test_nayara.TestIsolation" name="test_route39_regression_dashboard" time="0.164" /><testcase classname="tests.backend_test.TestAuth" name="test_login_admin" time="0.595" /><testcase classname="tests.backend_test.TestPermissions" name="test_city_manager_cannot_read_other_city_vehicle" time="0.999" /><testcase classname="tests.backend_test.TestPermissions" name="test_staff_cannot_list_users" time="0.170" /><testcase classname="tests.backend_test.TestAuth" name="test_me_with_bearer" time="0.545" /><testcase classname="tests.backend_test.TestAuth" name="test_invalid_password_401" time="0.436" /><testcase classname="tests.backend_test.TestDashboard" name="test_summary" time="0.118" /><testcase classname="tests.backend_test.TestDashboard" name="test_summary_city_filter" time="0.280" /><testcase classname="tests.backend_test.TestDashboard" name="test_recent" time="0.092" /><testcase classname="tests.backend_test.TestAuth" name="test_no_token_401" time="1.199" /><testcase classname="tests.backend_test.TestDashboard" name="test_reports" time="0.099" /><testcase classname="tests.backend_test.TestDashboard" name="test_search" time="0.183" /><testcase classname="tests.backend_test.TestDashboard" name="test_notifications_and_audit" time="0.256" /><testcase classname="tests.test_nayara.TestNayaraSeedData" name="test_orders_seeded" time="0.530" /><testcase classname="tests.test_nayara.TestNayaraSeedData" name="test_customers_seeded" time="0.092" /><testcase classname="tests.backend_test.TestAuth" name="test_brute_force_lockout" time="1.518" /><testcase classname="tests.test_nayara.TestNayaraSeedData" name="test_order_dashboard" time="0.093" /><testcase classname="tests.test_nayara.TestNayaraSeedData" name="test_order_reports" time="0.076" /><testcase classname="tests.test_nayara.TestNayaraSeedData" name="test_order_search" time="0.154" /><testcase classname="tests.test_nayara.TestNayaraSeedData" name="test_filters" time="0.170" /><testcase classname="tests.backend_test.TestFleet" name="test_list_and_filters" time="0.991" /><testcase classname="tests.backend_test.TestAuth" name="test_all_roles_login" time="3.194" /><testcase classname="tests.backend_test.TestFleet" name="test_get_single_vehicle_nested" time="0.381" /><testcase classname="tests.backend_test.TestFleet" name="test_get_vehicle_bad_id" time="0.404" /><testcase classname="tests.backend_test.TestFleet" name="test_create_update_transfer_vehicle" time="1.169" /><testcase classname="tests.backend_test.TestRentals" name="test_plans_list_and_create" time="0.413" /><testcase classname="tests.backend_test.TestRentals" name="test_rental_full_lifecycle" time="2.178" /><testcase classname="tests.test_nayara.TestOrderLifecycle" name="test_create_customer_persists" time="0.628" /><testcase classname="tests.test_nayara.TestOrderLifecycle" name="test_full_order_flow" time="1.221" /><testcase classname="tests.backend_test.TestRentals" name="test_rental_status_filters" time="0.293"><failure message="AssertionError: pending_payment -&gt; expiring_soon/active&#10;assert ('expiring_soon' == 'pending_payment'&#10;  &#10;  - pending_payment&#10;  + expiring_soon or 'active' == 'pending_payment'&#10;  &#10;  - pending_payment&#10;  + active)">E   AssertionError: pending_payment -&gt; expiring_soon/active
    assert ('expiring_soon' == 'pending_payment'
      
      - pending_payment
      + expiring_soon or 'active' == 'pending_payment'
      
      - pending_payment
      + active)</failure></testcase><testcase classname="tests.backend_test.TestRentals" name="test_rental_missing_refs_404" time="0.068" /><testcase classname="tests.backend_test.TestMisc" name="test_documents" time="0.548" /><testcase classname="tests.test_nayara.TestOrderLifecycle" name="test_create_order_bad_customer" time="0.130" /><testcase classname="tests.test_nayara.TestOrderLifecycle" name="test_get_order_404" time="0.089" /><testcase classname="tests.test_nayara.TestOrderLifecycle" name="test_unauth_orders" time="0.170" /><testcase classname="tests.test_nayara.TestNayaraAuth" name="test_login_returns_industry" time="0.437" /><testcase classname="tests.backend_test.TestMisc" name="test_incidents" time="0.626" /><testcase classname="tests.test_nayara.TestNayaraAuth" name="test_me_has_industry" time="0.088" /><testcase classname="tests.backend_test.TestMisc" name="test_locations" time="0.424" /><testcase classname="tests.test_nayara.TestNayaraAuth" name="test_route39_industry_fleet" time="0.510" /><testcase classname="tests.test_nayara.TestNayaraAuth" name="test_bad_password" time="0.503" /><testcase classname="tests.backend_test.TestMisc" name="test_handovers_and_returns" time="0.599" /><testcase classname="tests.backend_test.TestDrivers" name="test_list_filters" time="0.888" /><testcase classname="tests.test_consistency" name="test_payment_pending_kpi_matches_rentals_filter" time="0.883"><failure message="AssertionError: Dashboard 'payment_pending' KPI (77) does not match /rentals?status=pending_payment (80); the Needs-Attention deep link lands on an empty list. Rentals with payment_status pending/partial = 80&#10;assert 77 == 80&#10; +  where 80 = len([{'organization_id': 'route39-org', 'rental_code': 'RNT-1216', 'driver_id': '6a8d8fcb7cc9ac2aaf839687', 'driver_name':...oute39-org', 'rental_code': 'RNT-1100', 'driver_id': '6a8d8fcb7cc9ac2aaf8397e1', 'driver_name': 'Ravi Iyer', ...}, ...])">E   AssertionError: Dashboard 'payment_pending' KPI (77) does not match /rentals?status=pending_payment (80); the Needs-Attention deep link lands on an empty list. Rentals with payment_status pending/partial = 80
    assert 77 == 80
     +  where 80 = len([{'organization_id': 'route39-org', 'rental_code': 'RNT-1216', 'driver_id': '6a8d8fcb7cc9ac2aaf839687', 'driver_name':...oute39-org', 'rental_code': 'RNT-1100', 'driver_id': '6a8d8fcb7cc9ac2aaf8397e1', 'driver_name': 'Ravi Iyer', ...}, ...])</failure></testcase><testcase classname="tests.backend_test.TestDrivers" name="test_driver_profile" time="0.193" /><testcase classname="tests.test_consistency" name="test_active_kpi_matches_rentals_active_filter" time="0.478" /><testcase classname="tests.backend_test.TestDrivers" name="test_create_driver_and_assign_vehicle" time="1.098" /><testcase classname="tests.test_consistency" name="test_fleet_total_reachable_via_pagination" time="0.116"><failure message="AssertionError: Fleet has 284 vehicles but UI fetches only 120 with no pagination control&#10;assert 284 &lt;= 120">E   AssertionError: Fleet has 284 vehicles but UI fetches only 120 with no pagination control
    assert 284 &lt;= 120</failure></testcase><testcase classname="tests.test_seed_hash" name="test_bcrypt_hash_format" time="0.006" /><testcase classname="tests.test_seed_hash" name="test_users_have_org" time="0.001" /><testcase classname="tests.test_seed_hash" name="test_no_orphan_collections_missing_org" time="0.004" /><testcase classname="tests.backend_test.TestService" name="test_sr_lifecycle" time="2.179" /><testcase classname="tests.backend_test.TestService" name="test_sr_list_filters" time="0.849" /></testsuite></testsuites>