<?xml version="1.0" encoding="utf-8"?><testsuites name="pytest tests"><testsuite name="pytest" errors="0" failures="0" skipped="0" tests="14" time="4.361" timestamp="2026-08-26T04:29:14.615020+00:00" hostname="agent-env-512a9d2a-311b-4571-a313-e47caa2ad0be"><testcase classname="tests.test_onboarding.TestOnboarding" name="test_create_fabric_company" time="0.918" /><testcase classname="tests.test_onboarding.TestPlatformAccess" name="test_platform_login_role" time="0.858" /><testcase classname="tests.test_onboarding.TestPlatformAccess" name="test_summary" time="0.053" /><testcase classname="tests.test_onboarding.TestOnboarding" name="test_create_fleet_company" time="0.285" /><testcase classname="tests.test_onboarding.TestOnboarding" name="test_duplicate_code_rejected" time="0.224" /><testcase classname="tests.test_onboarding.TestPlatformAccess" name="test_non_platform_forbidden" time="0.564" /><testcase classname="tests.test_onboarding.TestOnboarding" name="test_duplicate_email_rejected" time="0.148" /><testcase classname="tests.test_onboarding.TestNewAdminLogin" name="test_fabric_admin_login_payload" time="0.611" /><testcase classname="tests.test_onboarding.TestOnboarding" name="test_missing_name_rejected" time="0.230" /><testcase classname="tests.test_onboarding.TestOnboarding" name="test_org_id_not_taken_from_frontend" time="0.885" /><testcase classname="tests.test_onboarding.TestNewAdminLogin" name="test_fleet_admin_login_payload_and_isolation" time="0.659" /><testcase classname="tests.test_onboarding.TestNewAdminLogin" name="test_wrong_password_rejected" time="0.509" /><testcase classname="tests.test_onboarding.TestRegression" name="test_route39_admin_fleet_intact" time="0.617" /><testcase classname="tests.test_onboarding.TestRegression" name="test_nayara_orders_intact" time="0.392" /></testsuite></testsuites>