<?xml version="1.0" encoding="utf-8"?><testsuites name="pytest tests"><testsuite name="pytest" errors="0" failures="0" skipped="0" tests="19" time="7.160" timestamp="2026-09-11T06:52:46.585817+00:00" hostname="agent-env-512a9d2a-311b-4571-a313-e47caa2ad0be"><testcase classname="tests.test_ev_rental.TestIsolation" name="test_nayara_admin_zero_rental_drivers" time="1.303" /><testcase classname="tests.test_ev_rental.TestDriverAuth" name="test_bad_password_401" time="1.199" /><testcase classname="tests.test_ev_rental.TestDriverAuth" name="test_silver_active_paid" time="0.573" /><testcase classname="tests.test_ev_rental.TestIsolation" name="test_driver_cannot_hit_admin" time="0.547" /><testcase classname="tests.test_ev_rental.TestDriverAuth" name="test_gold_overdue" time="0.580" /><testcase classname="tests.test_ev_rental.TestIsolation" name="test_admin_cannot_hit_driver_me" time="0.567" /><testcase classname="tests.test_ev_rental.TestDriverAuth" name="test_platinum_blocked" time="0.566" /><testcase classname="tests.test_ev_rental.TestIsolation" name="test_no_myvolt_regression_route39" time="0.586" /><testcase classname="tests.test_ev_rental.TestDriverAuth" name="test_gold_deposit_pending" time="0.591" /><testcase classname="tests.test_ev_rental.TestRentalAdmin" name="test_summary_shape" time="0.573" /><testcase classname="tests.test_ev_rental.TestDailyRentPayment" name="test_silver_daily_rejected_today_paid" time="0.580" /><testcase classname="tests.test_ev_rental.TestRentalAdmin" name="test_drivers_list_and_filter" time="1.008" /><testcase classname="tests.test_ev_rental.TestDailyRentPayment" name="test_platinum_blocked_daily_rejected" time="0.396" /><testcase classname="tests.test_ev_rental.TestOutstandingReactivation" name="test_platinum_full_outstanding_reactivates" time="0.737" /><testcase classname="tests.test_ev_rental.TestRentalAdmin" name="test_driver_detail_has_payments" time="0.600" /><testcase classname="tests.test_ev_rental.TestPackages" name="test_packages_three_tiers" time="0.586" /><testcase classname="tests.test_ev_rental.TestOutstandingReactivation" name="test_no_outstanding_rejected" time="0.616" /><testcase classname="tests.test_ev_rental.TestPaymentHistory" name="test_silver_history_has_paid" time="0.555" /><testcase classname="tests.test_ev_rental.TestDepositPayment" name="test_deposit_pay_flow" time="0.870" /></testsuite></testsuites>